3-say_my_name test module using "say_my_name" function.
=======================================================

import function from module:

    >>>say_my_name = __import__("3-say_my_name").say_my_name

test first_name <string> and last_name <string>:
    >>> say_my_name("SHEJA", "EMERIC")
    My name is SHEJA EMERIC

test passing first_name <string> only:
    >>> say_my_name("SHEJA")
    My name is SHEJA 

test passing nothing:
    >>> say_my_name()
    Traceback (most recent call last):
    ...
    TypeError: say_my_name() missing 1 required positional argument: 'first_name'

test first_name <other data type> and last_name <string>:
    >>> say_my_name(3,"EMERIC")
    Traceback (most recent call last):
    ...
    TypeError: first_name must be a string

test first_name <string> and last_name <other data type>:
    >>> say_my_name("SHEJA",4.5)
    Traceback (most recent call last):
    ...
    TypeError: last_name must be a string

test first_name <other data type> and last_name <other data type>:
    >>> say_my_name(3,3.5)
    Traceback (most recent call last):
    ...
    TypeError: first_name must be a string
